<?xml version="1.0" encoding="UTF-8"?>
<!-- Generated by org.testng.reporters.JUnitReportReporter -->
<testsuite hostname="LAPTOP-2O4Q7V80" failures="0" tests="1" name="org.testrunner.com.newcalendarrunner" time="81.045" errors="0" timestamp="27 Jun 2022 06:38:30 GMT" skipped="0">
  <testcase classname="org.testrunner.com.newcalendarrunner" name="runScenario" time="81.045"/>
</testsuite> <!-- org.testrunner.com.newcalendarrunner -->
