<?xml version="1.0" encoding="UTF-8"?>
<!-- Generated by org.testng.reporters.JUnitReportReporter -->
<testsuite hostname="LAPTOP-2O4Q7V80" failures="0" tests="1" name="org.testrunner.com.Jhomepagerunner" time="62.502" errors="0" timestamp="27 Jun 2022 06:38:30 GMT" skipped="0">
  <testcase classname="org.testrunner.com.Jhomepagerunner" name="runScenario" time="62.502"/>
</testsuite> <!-- org.testrunner.com.Jhomepagerunner -->
