<?xml version="1.0" encoding="UTF-8"?>
<!-- Generated by org.testng.reporters.JUnitReportReporter -->
<testsuite hostname="LAPTOP-2O4Q7V80" failures="0" tests="1" name="org.testrunner.com.newcalendarrunner" time="82.610" errors="0" timestamp="27 Jun 2022 07:00:56 GMT" skipped="0">
  <testcase classname="org.testrunner.com.newcalendarrunner" name="runScenario" time="82.610"/>
</testsuite> <!-- org.testrunner.com.newcalendarrunner -->
