<?xml version="1.0" encoding="UTF-8"?>
<!-- Generated by org.testng.reporters.JUnitReportReporter -->
<testsuite hostname="LAPTOP-2O4Q7V80" failures="0" tests="1" name="org.testrunner.com.Jhomepagerunner" time="51.517" errors="0" timestamp="27 Jun 2022 07:00:56 GMT" skipped="0">
  <testcase classname="org.testrunner.com.Jhomepagerunner" name="runScenario" time="51.517"/>
</testsuite> <!-- org.testrunner.com.Jhomepagerunner -->
